[27-Mar-2022 01:05:54 America/New_York] PHP Notice:  Undefined offset: 1 in /home2/arout77/public_html/rhapsody/app/system/Run.php on line 12
[27-Mar-2022 01:05:54 America/New_York] PHP Notice:  Undefined offset: 1 in /home2/arout77/public_html/rhapsody/app/system/Run.php on line 22
[27-Mar-2022 01:05:54 America/New_York] PHP Notice:  Undefined offset: 2 in /home2/arout77/public_html/rhapsody/app/system/Run.php on line 23
[27-Mar-2022 01:05:54 America/New_York] PHP Notice:  Undefined offset: 1 in /home2/arout77/public_html/rhapsody/app/system/Run.php on line 12
[27-Mar-2022 01:05:54 America/New_York] PHP Notice:  Undefined offset: 1 in /home2/arout77/public_html/rhapsody/app/system/Run.php on line 22
[27-Mar-2022 01:05:54 America/New_York] PHP Notice:  Undefined offset: 2 in /home2/arout77/public_html/rhapsody/app/system/Run.php on line 23
[27-Mar-2022 01:07:25 America/New_York] PHP Notice:  Undefined offset: 1 in /home2/arout77/public_html/rhapsody/app/system/Run.php on line 12
[27-Mar-2022 01:07:25 America/New_York] PHP Notice:  Undefined offset: 1 in /home2/arout77/public_html/rhapsody/app/system/Run.php on line 22
[27-Mar-2022 01:07:25 America/New_York] PHP Notice:  Undefined offset: 2 in /home2/arout77/public_html/rhapsody/app/system/Run.php on line 23
[27-Mar-2022 01:07:25 America/New_York] PHP Notice:  Undefined index: permissions in /home2/arout77/public_html/rhapsody/var/templates_c/04a76b8f51fa67d9e370802e6574330f0db1c117_0.file.menu.tpl.php on line 178
[27-Mar-2022 01:07:25 America/New_York] PHP Notice:  Undefined index: permissions in /home2/arout77/public_html/rhapsody/var/templates_c/04a76b8f51fa67d9e370802e6574330f0db1c117_0.file.menu.tpl.php on line 178
[27-Mar-2022 01:07:25 America/New_York] PHP Notice:  Undefined index: permissions in /home2/arout77/public_html/rhapsody/var/templates_c/04a76b8f51fa67d9e370802e6574330f0db1c117_0.file.menu.tpl.php on line 184
[27-Mar-2022 01:07:25 America/New_York] PHP Notice:  Undefined index: name in /home2/arout77/public_html/rhapsody/var/templates_c/04a76b8f51fa67d9e370802e6574330f0db1c117_0.file.menu.tpl.php on line 196
[27-Mar-2022 01:07:25 America/New_York] PHP Notice:  Undefined index: total_new in /home2/arout77/public_html/rhapsody/var/templates_c/04a76b8f51fa67d9e370802e6574330f0db1c117_0.file.menu.tpl.php on line 287
[27-Mar-2022 01:07:25 America/New_York] PHP Notice:  Trying to get property 'value' of non-object in /home2/arout77/public_html/rhapsody/var/templates_c/04a76b8f51fa67d9e370802e6574330f0db1c117_0.file.menu.tpl.php on line 287
[27-Mar-2022 01:07:25 America/New_York] PHP Notice:  Undefined offset: 1 in /home2/arout77/public_html/rhapsody/app/system/Run.php on line 12
[27-Mar-2022 01:07:25 America/New_York] PHP Notice:  Undefined offset: 1 in /home2/arout77/public_html/rhapsody/app/system/Run.php on line 22
[27-Mar-2022 01:07:25 America/New_York] PHP Notice:  Undefined offset: 2 in /home2/arout77/public_html/rhapsody/app/system/Run.php on line 23
[27-Mar-2022 01:07:25 America/New_York] PHP Notice:  Undefined index: permissions in /home2/arout77/public_html/rhapsody/var/templates_c/04a76b8f51fa67d9e370802e6574330f0db1c117_0.file.menu.tpl.php on line 178
[27-Mar-2022 01:07:25 America/New_York] PHP Notice:  Undefined index: permissions in /home2/arout77/public_html/rhapsody/var/templates_c/04a76b8f51fa67d9e370802e6574330f0db1c117_0.file.menu.tpl.php on line 178
[27-Mar-2022 01:07:25 America/New_York] PHP Notice:  Undefined index: permissions in /home2/arout77/public_html/rhapsody/var/templates_c/04a76b8f51fa67d9e370802e6574330f0db1c117_0.file.menu.tpl.php on line 184
[27-Mar-2022 01:07:25 America/New_York] PHP Notice:  Undefined index: name in /home2/arout77/public_html/rhapsody/var/templates_c/04a76b8f51fa67d9e370802e6574330f0db1c117_0.file.menu.tpl.php on line 196
[27-Mar-2022 01:07:25 America/New_York] PHP Notice:  Undefined index: total_new in /home2/arout77/public_html/rhapsody/var/templates_c/04a76b8f51fa67d9e370802e6574330f0db1c117_0.file.menu.tpl.php on line 287
[27-Mar-2022 01:07:25 America/New_York] PHP Notice:  Trying to get property 'value' of non-object in /home2/arout77/public_html/rhapsody/var/templates_c/04a76b8f51fa67d9e370802e6574330f0db1c117_0.file.menu.tpl.php on line 287
[27-Mar-2022 01:07:25 America/New_York] PHP Notice:  Undefined index: email in /home2/arout77/public_html/rhapsody/var/templates_c/9af829034fe5146154ec1ca94973a57bb160913a_0.file.footer.tpl.php on line 144
[27-Mar-2022 01:07:25 America/New_York] PHP Notice:  Undefined index: email in /home2/arout77/public_html/rhapsody/var/templates_c/9af829034fe5146154ec1ca94973a57bb160913a_0.file.footer.tpl.php on line 144
